# JRE version: OpenJDK Runtime Environment (20.0.1+9) (build 20.0.1+9-29)
# Java VM: OpenJDK 64-Bit Server VM (20.0.1+9-29, mixed mode, emulated-client, sharing, tiered, compressed oops, compressed class ptrs, g1 gc, windows-amd64)
GC Precious Log:
 CardTable entry size: 512
 Card Set container configuration: InlinePtr #cards 4 size 8 Array Of Cards #cards 16 size 48 Howl #buckets 8 coarsen threshold 3686 Howl Bitmap #cards 512 size 80 coarsen threshold 460 Card regions per heap region 1 cards per card region 4096
 CPUs: 12 total, 12 available
 Memory: 16166M
 Large Page Support: Disabled
 NUMA Support: Disabled
 Compressed Oops: Enabled (Zero based)
 Heap Region Size: 2M
 Heap Min Capacity: 8M
 Heap Initial Capacity: 254M
 Heap Max Capacity: 4042M
 Pre-touch: Disabled
 Parallel Workers: 10
 Concurrent Workers: 3
 Concurrent Refinement Workers: 10
 Periodic GC: Disabled
Heap:
 garbage-first heap   total 253952K, used 150802K [0x0000000703600000, 0x0000000800000000)
  region size 2048K, 42 young (86016K), 3 survivors (6144K)
 Metaspace       used 53560K, committed 54144K, reserved 1114112K
  class space    used 7220K, committed 7488K, reserved 1048576K
GC Heap History (20 events):
Event: 1.245 GC heap before
{Heap before GC invocations=1 (full 0):
 garbage-first heap   total 260096K, used 30715K [0x0000000703600000, 0x0000000800000000)
  region size 2048K, 8 young (16384K), 2 survivors (4096K)
 Metaspace       used 208K, committed 448K, reserved 1114112K
  class space    used 13K, committed 128K, reserved 1048576K
}
Event: 1.253 GC heap after
{Heap after GC invocations=2 (full 0):
 garbage-first heap   total 260096K, used 32540K [0x0000000703600000, 0x0000000800000000)
  region size 2048K, 1 young (2048K), 1 survivors (2048K)
 Metaspace       used 208K, committed 448K, reserved 1114112K
  class space    used 13K, committed 128K, reserved 1048576K
}
Event: 1.959 GC heap before
{Heap before GC invocations=2 (full 0):
 garbage-first heap   total 260096K, used 55068K [0x0000000703600000, 0x0000000800000000)
  region size 2048K, 13 young (26624K), 1 survivors (2048K)
 Metaspace       used 3395K, committed 3584K, reserved 1114112K
  class space    used 357K, committed 448K, reserved 1048576K
}
Event: 1.968 GC heap after
{Heap after GC invocations=3 (full 0):
 garbage-first heap   total 260096K, used 52066K [0x0000000703600000, 0x0000000800000000)
  region size 2048K, 2 young (4096K), 2 survivors (4096K)
 Metaspace       used 3395K, committed 3584K, reserved 1114112K
  class space    used 357K, committed 448K, reserved 1048576K
}
Event: 2.852 GC heap before
{Heap before GC invocations=3 (full 0):
 garbage-first heap   total 260096K, used 80738K [0x0000000703600000, 0x0000000800000000)
  region size 2048K, 16 young (32768K), 2 survivors (4096K)
 Metaspace       used 9190K, committed 9472K, reserved 1114112K
  class space    used 1076K, committed 1216K, reserved 1048576K
}
Event: 2.860 GC heap after
{Heap after GC invocations=4 (full 0):
 garbage-first heap   total 260096K, used 54790K [0x0000000703600000, 0x0000000800000000)
  region size 2048K, 2 young (4096K), 2 survivors (4096K)
 Metaspace       used 9190K, committed 9472K, reserved 1114112K
  class space    used 1076K, committed 1216K, reserved 1048576K
}
Event: 3.912 GC heap before
{Heap before GC invocations=4 (full 0):
 garbage-first heap   total 260096K, used 114182K [0x0000000703600000, 0x0000000800000000)
  region size 2048K, 32 young (65536K), 2 survivors (4096K)
 Metaspace       used 15347K, committed 15680K, reserved 1114112K
  class space    used 1986K, committed 2176K, reserved 1048576K
}
Event: 3.919 GC heap after
{Heap after GC invocations=5 (full 0):
 garbage-first heap   total 260096K, used 56897K [0x0000000703600000, 0x0000000800000000)
  region size 2048K, 3 young (6144K), 3 survivors (6144K)
 Metaspace       used 15347K, committed 15680K, reserved 1114112K
  class space    used 1986K, committed 2176K, reserved 1048576K
}
Event: 5.111 GC heap before
{Heap before GC invocations=6 (full 0):
 garbage-first heap   total 212992K, used 204353K [0x0000000703600000, 0x0000000800000000)
  region size 2048K, 76 young (155648K), 3 survivors (6144K)
 Metaspace       used 25788K, committed 26112K, reserved 1114112K
  class space    used 3374K, committed 3520K, reserved 1048576K
}
Event: 5.123 GC heap after
{Heap after GC invocations=7 (full 0):
 garbage-first heap   total 266240K, used 60821K [0x0000000703600000, 0x0000000800000000)
  region size 2048K, 5 young (10240K), 5 survivors (10240K)
 Metaspace       used 25788K, committed 26112K, reserved 1114112K
  class space    used 3374K, committed 3520K, reserved 1048576K
}
Event: 5.161 GC heap before
{Heap before GC invocations=7 (full 0):
 garbage-first heap   total 266240K, used 62869K [0x0000000703600000, 0x0000000800000000)
  region size 2048K, 7 young (14336K), 5 survivors (10240K)
 Metaspace       used 25979K, committed 26240K, reserved 1114112K
  class space    used 3395K, committed 3520K, reserved 1048576K
}
Event: 5.173 GC heap after
{Heap after GC invocations=8 (full 0):
 garbage-first heap   total 266240K, used 61515K [0x0000000703600000, 0x0000000800000000)
  region size 2048K, 5 young (10240K), 5 survivors (10240K)
 Metaspace       used 25979K, committed 26240K, reserved 1114112K
  class space    used 3395K, committed 3520K, reserved 1048576K
}
Event: 5.256 GC heap before
{Heap before GC invocations=8 (full 0):
 garbage-first heap   total 266240K, used 65611K [0x0000000703600000, 0x0000000800000000)
  region size 2048K, 8 young (16384K), 5 survivors (10240K)
 Metaspace       used 26275K, committed 26560K, reserved 1114112K
  class space    used 3435K, committed 3584K, reserved 1048576K
}
Event: 5.270 GC heap after
{Heap after GC invocations=9 (full 0):
 garbage-first heap   total 266240K, used 60877K [0x0000000703600000, 0x0000000800000000)
  region size 2048K, 5 young (10240K), 5 survivors (10240K)
 Metaspace       used 26275K, committed 26560K, reserved 1114112K
  class space    used 3435K, committed 3584K, reserved 1048576K
}
Event: 7.883 GC heap before
{Heap before GC invocations=10 (full 0):
 garbage-first heap   total 219136K, used 210381K [0x0000000703600000, 0x0000000800000000)
  region size 2048K, 78 young (159744K), 5 survivors (10240K)
 Metaspace       used 36092K, committed 36544K, reserved 1114112K
  class space    used 4837K, committed 5056K, reserved 1048576K
}
Event: 7.898 GC heap after
{Heap after GC invocations=11 (full 0):
 garbage-first heap   total 229376K, used 67933K [0x0000000703600000, 0x0000000800000000)
  region size 2048K, 8 young (16384K), 8 survivors (16384K)
 Metaspace       used 36092K, committed 36544K, reserved 1114112K
  class space    used 4837K, committed 5056K, reserved 1048576K
}
Event: 9.229 GC heap before
{Heap before GC invocations=11 (full 0):
 garbage-first heap   total 229376K, used 164189K [0x0000000703600000, 0x0000000800000000)
  region size 2048K, 56 young (114688K), 8 survivors (16384K)
 Metaspace       used 43891K, committed 44416K, reserved 1114112K
  class space    used 5997K, committed 6272K, reserved 1048576K
}
Event: 9.244 GC heap after
{Heap after GC invocations=12 (full 0):
 garbage-first heap   total 229376K, used 72384K [0x0000000703600000, 0x0000000800000000)
  region size 2048K, 6 young (12288K), 6 survivors (12288K)
 Metaspace       used 43891K, committed 44416K, reserved 1114112K
  class space    used 5997K, committed 6272K, reserved 1048576K
}
Event: 9.333 GC heap before
{Heap before GC invocations=12 (full 0):
 garbage-first heap   total 229376K, used 76480K [0x0000000703600000, 0x0000000800000000)
  region size 2048K, 9 young (18432K), 6 survivors (12288K)
 Metaspace       used 44253K, committed 44736K, reserved 1114112K
  class space    used 6032K, committed 6272K, reserved 1048576K
}
Event: 9.344 GC heap after
{Heap after GC invocations=13 (full 0):
 garbage-first heap   total 440320K, used 72978K [0x0000000703600000, 0x0000000800000000)
  region size 2048K, 3 young (6144K), 3 survivors (6144K)
 Metaspace       used 44253K, committed 44736K, reserved 1114112K
  class space    used 6032K, committed 6272K, reserved 1048576K
}

